<?xml version="1.0" encoding="UTF-8"?>
<!-- Generated by org.testng.reporters.JUnitReportReporter -->
<testsuite hostname="P5-H7W2N62" name="org.seleniumAdvanced.dataProviderDemo" tests="3" failures="0" timestamp="16 May 2018 07:52:04 GMT" time="0.014" errors="0">
  <testcase name="login" time="0.002" classname="org.seleniumAdvanced.dataProviderDemo"/>
  <testcase name="login" time="0.003" classname="org.seleniumAdvanced.dataProviderDemo"/>
  <testcase name="login" time="0.009" classname="org.seleniumAdvanced.dataProviderDemo"/>
</testsuite> <!-- org.seleniumAdvanced.dataProviderDemo -->
