<?xml version="1.0" encoding="UTF-8"?>
<!-- Generated by org.testng.reporters.JUnitReportReporter -->
<testsuite hostname="P5-H7W2N62" name="org.seleniumAdvanced.NewTest" tests="1" failures="0" timestamp="17 May 2018 06:45:49 GMT" time="0.008" errors="0">
  <testcase name="f" time="0.008" classname="org.seleniumAdvanced.NewTest"/>
</testsuite> <!-- org.seleniumAdvanced.NewTest -->
