<?xml version="1.0" encoding="UTF-8"?>
<!-- Generated by org.testng.reporters.JUnitReportReporter -->
<testsuite hostname="P5-H7W2N62" name="org.seleniumAdvanced.NewTest2" tests="1" failures="0" timestamp="17 May 2018 06:43:59 GMT" time="3.323" errors="0">
  <testcase name="login" time="3.323" classname="org.seleniumAdvanced.NewTest2"/>
</testsuite> <!-- org.seleniumAdvanced.NewTest2 -->
